Aug 18 10:08:05[21224] ERROR(No such file or directory): xft: Could not load.
Aug 18 10:08:05[21224] Fall back to xcore.
Aug 18 10:12:37[21344] ERROR(No such file or directory): xft: Could not load.
Aug 18 10:12:37[21344] Fall back to xcore.
Aug 18 10:13:34[21426] ERROR(No such file or directory): xft: Could not load.
Aug 18 10:13:34[21426] Fall back to xcore.
Aug 18 10:13:36[21426] Font(id 0) width(8) is not matched with standard width(10).
Aug 18 10:13:36[21426] Characters (cs 0) are drawn *one by one* to arrange column width.
Aug 18 10:17:28[21584] ERROR(No such file or directory): xft: Could not load.
Aug 18 10:17:28[21584] Fall back to xcore.
Aug 18 10:17:39[21584] Font(id 0) width(8) is not matched with standard width(10).
Aug 18 10:17:39[21584] Characters (cs 0) are drawn *one by one* to arrange column width.
Aug 18 10:18:02[21584] Font(id 0) width(8) is not matched with standard width(10).
Aug 18 10:18:02[21584] Characters (cs 0) are drawn *one by one* to arrange column width.
Aug 18 10:19:20[21584] ERROR(Resource temporarily unavailable): iBus: Could not load.
Aug 18 10:19:30[21584] ERROR(Resource temporarily unavailable): ibus: Could not load.
Aug 18 10:28:34[21820] ERROR(No such file or directory): xft: Could not load.
Aug 18 10:28:34[21820] Fall back to xcore.
Aug 18 10:37:28[22214] ERROR(No such file or directory): xft: Could not load.
Aug 18 10:37:28[22214] Fall back to xcore.
Aug 18 10:37:39[22262] ERROR(No such file or directory): xft: Could not load.
Aug 18 10:37:39[22262] Fall back to xcore.
Aug 18 10:38:29[22319] ERROR(No such file or directory): xft: Could not load.
Aug 18 10:38:29[22319] Fall back to xcore.
Aug 18 11:42:28[16109] Font(id 10b1) width(11) is not matched with standard width(8).
Aug 18 11:43:33[16109] ERROR(Resource temporarily unavailable): xft: Could not load.
Aug 18 11:58:47[16553] ERROR(Resource temporarily unavailable): xft: Could not load.
Aug 19 09:26:38[26820] Font(id 10b1) width(10) is not matched with standard width(8).
Aug 19 09:26:54[26820] Font(id 10b1) width(10) is not matched with standard width(8).
Aug 19 09:27:00[26820] Font(id 10b1) width(10) is not matched with standard width(8).
Aug 19 09:28:05[26820] _XROOTPMAP_ID is not found. Trying ParentRelative for transparency instead.
Aug 19 10:23:49[7604] ERROR(Resource temporarily unavailable): iscii: Could not load.
Aug 19 10:36:24[9383] ERROR(Resource temporarily unavailable): iscii: Could not load.
Aug 27 07:10:52[6832] ERROR(Resource temporarily unavailable): iscii: Could not load.
Aug 28 14:03:04[4223] ERROR(Resource temporarily unavailable): iscii: Could not load.
Sep  6 16:34:01[9636] _XROOTPMAP_ID is not found. Trying ParentRelative for transparency instead.
Sep  6 16:34:01[9636] (brightness, contrast, gamma and alpha options are ignored)
Sep  6 16:34:01[9636] _XROOTPMAP_ID is not found. Trying ParentRelative for transparency instead.
Sep  6 16:34:01[9636] (brightness, contrast, gamma and alpha options are ignored)
Sep  6 16:34:24[9680] _XROOTPMAP_ID is not found. Trying ParentRelative for transparency instead.
Sep 10 16:32:04[4282] ERROR(Resource temporarily unavailable): iscii: Could not load.
Sep 10 16:32:04[4282] ERROR(Resource temporarily unavailable): iscii: Could not load.
Sep 10 17:54:43[26348] Font(id 10b1) width(8) is not matched with standard width(12).
Sep 10 17:54:43[26348] Font(id 10b1) width(8) is not matched with standard width(12).
Sep 10 17:56:27[26348] Font(id 10b1) width(8) is not matched with standard width(12).
Sep 10 17:56:27[26348] Font(id 10b1) width(8) is not matched with standard width(10).
Sep 12 11:29:06[7158] ERROR(Resource temporarily unavailable): iscii: Could not load.
Sep 12 11:29:06[7158] ERROR(Resource temporarily unavailable): iscii: Could not load.
Sep 12 11:29:12[8848] ERROR(Resource temporarily unavailable): iscii: Could not load.
Sep 12 11:29:12[8848] ERROR(Resource temporarily unavailable): iscii: Could not load.
Sep 12 11:31:01[8928] ERROR(Resource temporarily unavailable): iscii: Could not load.
Sep 12 11:31:01[8928] ERROR(Resource temporarily unavailable): iscii: Could not load.
Sep 12 21:42:11[3547] ERROR(Resource temporarily unavailable): iscii: Could not load.
Sep 12 21:42:11[3547] ERROR(Resource temporarily unavailable): iscii: Could not load.
Nov 14 14:01:24[24501] ERROR(Resource temporarily unavailable): ibus: Could not load.
Nov 14 14:03:06[24631] ERROR(Resource temporarily unavailable): ibus: Could not load.
Nov 14 21:17:17[3243] ERROR(Resource temporarily unavailable): ibus: Could not load.
Nov 28 09:16:22[3667] ERROR(Resource temporarily unavailable): ibus: Could not load.
Dec  3 13:40:21[7999] ERROR(Resource temporarily unavailable): ibus: Could not load.
Dec  3 19:51:56[15039] ERROR(Resource temporarily unavailable): ibus: Could not load.
Dec  4 21:07:01[25830] ERROR(Resource temporarily unavailable): ibus: Could not load.
Dec  5 20:44:08[622] ERROR(Resource temporarily unavailable): ibus: Could not load.
Dec  6 22:31:03[8001] ERROR(Resource temporarily unavailable): ibus: Could not load.
Dec 16 10:49:49[12592] ERROR(Resource temporarily unavailable): ibus: Could not load.
Dec 20 10:14:23[3451] ERROR(Resource temporarily unavailable): ibus: Could not load.
Dec 21 10:06:10[8565] ERROR(Resource temporarily unavailable): ibus: Could not load.
Dec 22 12:05:43[3286] ERROR(Resource temporarily unavailable): ibus: Could not load.
Dec 26 15:48:15[3629] ERROR(Resource temporarily unavailable): ibus: Could not load.
Dec 27 13:33:15[4066] ERROR(Resource temporarily unavailable): ibus: Could not load.
Dec 28 16:32:43[16569] ERROR(Resource temporarily unavailable): ibus: Could not load.
Dec 30 12:42:15[3318] ERROR(Resource temporarily unavailable): ibus: Could not load.
Jan  1 14:16:50[5724] ERROR(Resource temporarily unavailable): ibus: Could not load.
Jan  2 16:49:08[3177] ERROR(Resource temporarily unavailable): ibus: Could not load.
Jan  3 18:26:14[8798] ERROR(Resource temporarily unavailable): ibus: Could not load.
Jan  3 22:16:26[6711] ERROR(Resource temporarily unavailable): ibus: Could not load.
Jan  4 16:21:03[5331] ERROR(Resource temporarily unavailable): ibus: Could not load.
Jan  6 11:53:11[5530] ERROR(Resource temporarily unavailable): ibus: Could not load.
Jan  6 18:03:33[5448] ERROR(Resource temporarily unavailable): ibus: Could not load.
Jan 10 18:06:32[4490] ERROR(Resource temporarily unavailable): ibus: Could not load.
Jan 14 15:45:32[8165] ERROR(Resource temporarily unavailable): ibus: Could not load.
Jan 19 14:04:01[10557] ERROR(Resource temporarily unavailable): ibus: Could not load.
Jan 20 15:57:48[4199] ERROR(Resource temporarily unavailable): ibus: Could not load.
Sep  1 16:39:57[21818] ERROR(Resource temporarily unavailable): ibus: Could not load.
Sep  1 18:14:20[13006] ERROR(Resource temporarily unavailable): ibus: Could not load.
Sep  1 18:15:13[13223] Failed to load /usr/share/fonts/X11/misc/10x20.pcf.gz.
Sep  1 18:15:13[13223] No fonts found for ISO10646_UCS4_1. Please install fonts and edit the font config file in ~/.mlterm.
Sep  1 18:15:13[13223] Unable to open screen.
Sep  1 18:15:48[13388] Failed to load /usr/share/fonts/X11/misc/10x20.pcf.gz.
Sep  1 18:15:48[13388] No fonts found for ISO10646_UCS4_1. Please install fonts and edit the font config file in ~/.mlterm.
Sep  1 18:15:48[13388] Unable to open screen.
Sep  1 18:16:02[13392] Failed to load /usr/share/fonts/X11/misc/10x20.pcf.gz.
Sep  1 18:16:02[13392] No fonts found for ISO10646_UCS4_1. Please install fonts and edit the font config file in ~/.mlterm.
Sep  1 18:16:02[13392] Unable to open screen.
Sep  1 18:16:37[13517] ERROR(Resource temporarily unavailable): ibus: Could not load.
Sep  1 18:16:37[13517] ERROR(Resource temporarily unavailable): ibus: Could not load.
Sep  9 10:52:46[6390] _XROOTPMAP_ID is not found. Trying ParentRelative for transparency instead.
Sep  9 10:52:46[6390] (brightness, contrast, gamma and alpha options are ignored)
Sep  9 10:55:13[6429] _XROOTPMAP_ID is not found. Trying ParentRelative for transparency instead.
Sep  9 10:55:13[6429] (brightness, contrast, gamma and alpha options are ignored)
Sep  9 10:55:13[6429] _XROOTPMAP_ID is not found. Trying ParentRelative for transparency instead.
Sep  9 10:55:13[6429] (brightness, contrast, gamma and alpha options are ignored)
Sep  9 10:56:08[6447] alpha true is not valid.
Sep  9 10:56:37[6460] alpha true is not valid.
Sep  9 10:56:49[6473] alpha psudo is not valid.
Sep  9 11:02:01[6632] _XROOTPMAP_ID is not found. Trying ParentRelative for transparency instead.
Sep  9 11:02:01[6632] (brightness, contrast, gamma and alpha options are ignored)
Sep  9 11:02:01[6632] _XROOTPMAP_ID is not found. Trying ParentRelative for transparency instead.
Sep  9 11:02:01[6632] (brightness, contrast, gamma and alpha options are ignored)
Sep  9 11:02:10[6644] _XROOTPMAP_ID is not found. Trying ParentRelative for transparency instead.
Sep  9 11:02:10[6644] (brightness, contrast, gamma and alpha options are ignored)
Sep  9 11:02:18[6649] _XROOTPMAP_ID is not found. Trying ParentRelative for transparency instead.
Sep  9 11:02:18[6649] (brightness, contrast, gamma and alpha options are ignored)
Sep  9 11:02:18[6649] _XROOTPMAP_ID is not found. Trying ParentRelative for transparency instead.
Sep  9 11:02:18[6649] (brightness, contrast, gamma and alpha options are ignored)
Sep  9 11:06:26[6700] _XROOTPMAP_ID is not found. Trying ParentRelative for transparency instead.
Sep  9 11:06:26[6700] (brightness, contrast, gamma and alpha options are ignored)
Sep  9 11:06:26[6700] _XROOTPMAP_ID is not found. Trying ParentRelative for transparency instead.
Sep  9 11:06:26[6700] (brightness, contrast, gamma and alpha options are ignored)
Sep  9 11:17:54[6850] Connecting to unknown host: zzserver (e0:67:f0:f2:2f:c2:d0:ec:c0:77:6b:43:b3:da:59:14:a4:19:97:78)
Sep  9 11:17:54[6850] Add to /home/shibi/.ssh/known_hosts and continue connecting.
Sep  9 11:17:54[6850] Unable to open screen.
